<?xml version="1.0" encoding="UTF-8"?>
<!-- Generated by org.testng.reporters.JUnitReportReporter -->
<testsuite hostname="DESKTOP-3BP8S7P" failures="0" tests="4" name="runner.ParallelRunner" time="75.706" errors="0" timestamp="2023-03-15T10:40:00 CDT" skipped="0">
  <testcase classname="runner.ParallelRunner" name="runScenario" time="17.852"/>
  <system-out/>
  <testcase classname="runner.ParallelRunner" name="runScenario" time="17.658"/>
  <system-out/>
  <testcase classname="runner.ParallelRunner" name="runScenario" time="20.153"/>
  <system-out/>
  <testcase classname="runner.ParallelRunner" name="runScenario" time="20.043"/>
  <system-out/>
</testsuite> <!-- runner.ParallelRunner -->
