<?xml version="1.0" encoding="UTF-8"?>
<!-- Generated by org.testng.reporters.JUnitReportReporter -->
<testsuite hostname="DESKTOP-3BP8S7P" failures="0" tests="4" name="runner.ParallelRunner" time="51.233" errors="0" timestamp="2023-03-17T10:04:58 CDT" skipped="0">
  <testcase classname="runner.ParallelRunner" name="runScenario" time="10.907"/>
  <system-out/>
  <testcase classname="runner.ParallelRunner" name="runScenario" time="14.748"/>
  <system-out/>
  <testcase classname="runner.ParallelRunner" name="runScenario" time="10.769"/>
  <system-out/>
  <testcase classname="runner.ParallelRunner" name="runScenario" time="14.809"/>
  <system-out/>
</testsuite> <!-- runner.ParallelRunner -->
