<?xml version="1.0" encoding="UTF-8"?>
<!-- Generated by org.testng.reporters.JUnitReportReporter -->
<testsuite hostname="DESKTOP-3BP8S7P" failures="0" tests="4" name="runner.ParallelRunner" time="25.747" errors="0" timestamp="2023-03-17T10:38:34 CDT" skipped="0">
  <testcase classname="runner.ParallelRunner" name="runScenario" time="4.271"/>
  <system-out/>
  <testcase classname="runner.ParallelRunner" name="runScenario" time="4.974"/>
  <system-out/>
  <testcase classname="runner.ParallelRunner" name="runScenario" time="6.889"/>
  <system-out/>
  <testcase classname="runner.ParallelRunner" name="runScenario" time="9.613"/>
  <system-out/>
</testsuite> <!-- runner.ParallelRunner -->
