<?xml version="1.0" encoding="UTF-8"?>
<!-- Generated by org.testng.reporters.JUnitReportReporter -->
<testsuite hostname="DESKTOP-3BP8S7P" failures="0" tests="4" name="runner.ParallelRunner" time="35.741" errors="0" timestamp="2023-03-15T10:43:54 CDT" skipped="0">
  <testcase classname="runner.ParallelRunner" name="runScenario" time="8.624"/>
  <system-out/>
  <testcase classname="runner.ParallelRunner" name="runScenario" time="5.889"/>
  <system-out/>
  <testcase classname="runner.ParallelRunner" name="runScenario" time="11.639"/>
  <system-out/>
  <testcase classname="runner.ParallelRunner" name="runScenario" time="9.589"/>
  <system-out/>
</testsuite> <!-- runner.ParallelRunner -->
